<?xml version="1.0" encoding="UTF-8"?>
<testng-results skipped="0" failed="0" ignored="0" total="1" passed="1">
  <reporter-output>
  </reporter-output>
  <suite name="Default suite" duration-ms="34964" started-at="2017-07-11T00:47:33Z" finished-at="2017-07-11T00:48:08Z">
    <groups>
    </groups>
    <test name="Default test" duration-ms="34964" started-at="2017-07-11T00:47:33Z" finished-at="2017-07-11T00:48:08Z">
      <class name="com.Scritps.PMTScripts">
        <test-method status="PASS" signature="BeforeClass()[pri:0, instance:com.Scritps.PMTScripts@112f364d]" name="BeforeClass" is-config="true" duration-ms="34885" started-at="2017-07-10T18:47:33Z" finished-at="2017-07-10T18:48:08Z">
          <reporter-output>
          </reporter-output>
        </test-method> <!-- BeforeClass -->
        <test-method status="PASS" signature="testGoogleSearch()[pri:0, instance:com.Scritps.PMTScripts@112f364d]" name="testGoogleSearch" duration-ms="33" started-at="2017-07-10T18:48:08Z" finished-at="2017-07-10T18:48:08Z">
          <reporter-output>
          </reporter-output>
        </test-method> <!-- testGoogleSearch -->
        <test-method status="PASS" signature="AfterClass()[pri:0, instance:com.Scritps.PMTScripts@112f364d]" name="AfterClass" is-config="true" duration-ms="2" started-at="2017-07-10T18:48:08Z" finished-at="2017-07-10T18:48:08Z">
          <reporter-output>
          </reporter-output>
        </test-method> <!-- AfterClass -->
      </class> <!-- com.Scritps.PMTScripts -->
    </test> <!-- Default test -->
  </suite> <!-- Default suite -->
</testng-results>
